{"file":"","level":"info","line":"","method":"GET","msg":"Request completed.","path":"/healthz","service":"healthz","status":200,"time":"2023-08-30T05:01:01Z"}
{"file":"","level":"info","line":"","method":"POST","msg":"Request completed.","path":"/scholarship/getScholarShip","service":"scholarship","status":200,"time":"2023-08-30T05:03:51Z"}
{"file":"","level":"info","line":"","method":"POST","msg":"Request completed.","path":"/scholarship/getScholarShip","service":"scholarship","status":200,"time":"2023-08-30T05:03:53Z"}
{"file":"","level":"info","line":"","method":"GET","msg":"Request completed.","path":"/healthz","service":"healthz","status":200,"time":"2023-08-30T07:15:21Z"}
{"file":"","level":"info","line":"","method":"GET","msg":"Request completed.","path":"/healthz","service":"healthz","status":200,"time":"2023-08-30T07:26:56Z"}
{"file":"","level":"info","line":"","method":"GET","msg":"Request completed.","path":"/healthz","service":"healthz","status":200,"time":"2023-08-30T07:27:50Z"}
{"file":"","level":"info","line":"","method":"GET","msg":"Request completed.","path":"/healthz","service":"healthz","status":200,"time":"2023-08-30T07:28:42Z"}
{"file":"","level":"info","line":"","method":"GET","msg":"Request completed.","path":"/healthz","service":"healthz","status":200,"time":"2023-08-30T07:33:28Z"}
{"file":"","level":"info","line":"","method":"GET","msg":"Request completed.","path":"/healthz","service":"healthz","status":200,"time":"2023-08-30T07:39:12Z"}
{"file":"","level":"info","line":"","method":"GET","msg":"Request completed.","path":"/healthz","service":"healthz","status":200,"time":"2023-08-30T07:52:08Z"}
{"file":"","level":"info","line":"","method":"POST","msg":"Request completed.","path":"/scholarship/getScholarShip","service":"scholarship","status":200,"time":"2023-08-30T07:52:15Z"}
{"file":"","level":"info","line":"","method":"POST","msg":"Request completed.","path":"/google/authorization-test","service":"google","status":200,"time":"2024-06-17T07:37:39Z"}
{"file":"","level":"info","line":"","method":"POST","msg":"Request completed.","path":"/google/authorization-test","service":"google","status":200,"time":"2024-06-17T07:37:40Z"}
{"file":"","level":"info","line":"","method":"GET","msg":"Request completed.","path":"/student/profile/6299999991","service":"student","status":200,"time":"2024-06-17T07:38:18Z"}
{"file":"","level":"info","line":"","method":"GET","msg":"Request completed.","path":"/student/profile/6299999991","service":"student","status":200,"time":"2024-06-17T07:38:19Z"}
{"file":"","level":"info","line":"","method":"GET","msg":"Request completed.","path":"/student/profile/6299999991","service":"student","status":200,"time":"2024-06-17T07:38:20Z"}
{"file":"","level":"info","line":"","method":"GET","msg":"Request completed.","path":"/student/profile/6299999991","service":"student","status":200,"time":"2024-06-17T07:38:43Z"}
{"file":"","level":"info","line":"","method":"GET","msg":"Request completed.","path":"/student/profile/6299999991","service":"student","status":200,"time":"2024-06-17T07:38:44Z"}
{"file":"","level":"info","line":"","method":"GET","msg":"Request completed.","path":"/student/profile/6299999991","service":"student","status":200,"time":"2024-06-17T07:38:44Z"}
{"file":"","level":"info","line":"","method":"GET","msg":"Request completed.","path":"/student/profile/6299999991","service":"student","status":200,"time":"2024-06-17T07:38:45Z"}
{"file":"","level":"info","line":"","method":"GET","msg":"Request completed.","path":"/student/profile/6299999991","service":"student","status":200,"time":"2024-06-17T07:38:46Z"}
{"file":"","level":"info","line":"","method":"GET","msg":"Request completed.","path":"/student/profile/6299999991","service":"student","status":200,"time":"2024-06-17T07:38:46Z"}
{"file":"","level":"info","line":"","method":"GET","msg":"Request completed.","path":"/student/profile/6299999991","service":"student","status":200,"time":"2024-06-17T07:38:47Z"}
{"file":"","level":"info","line":"","method":"GET","msg":"Request completed.","path":"/student/profile/6299999991","service":"student","status":200,"time":"2024-06-17T07:38:47Z"}
{"file":"","level":"info","line":"","method":"GET","msg":"Request completed.","path":"/student/profile/6299999991","service":"student","status":200,"time":"2024-06-17T07:38:48Z"}
{"file":"","level":"info","line":"","method":"GET","msg":"Request completed.","path":"/student/profile/6299999991","service":"student","status":200,"time":"2024-06-17T07:38:49Z"}
{"file":"","level":"info","line":"","method":"GET","msg":"Request completed.","path":"/student/profile/6299999991","service":"student","status":200,"time":"2024-06-17T07:38:50Z"}
{"file":"","level":"info","line":"","method":"GET","msg":"Request completed.","path":"/student/profile/6299999991","service":"student","status":200,"time":"2024-06-17T07:38:50Z"}
{"file":"","level":"info","line":"","method":"GET","msg":"Request completed.","path":"/student/profile/6299999991","service":"student","status":200,"time":"2024-06-17T07:38:56Z"}
{"file":"","level":"info","line":"","method":"GET","msg":"Request completed.","path":"/student/profile/6299999991","service":"student","status":200,"time":"2024-06-17T07:38:57Z"}
{"file":"","level":"info","line":"","method":"GET","msg":"Request completed.","path":"/student/profile/6299999991","service":"student","status":200,"time":"2024-06-17T07:38:58Z"}
{"file":"","level":"info","line":"","method":"GET","msg":"Request completed.","path":"/student/profile/6299999991","service":"student","status":200,"time":"2024-06-17T07:38:59Z"}
{"file":"","level":"info","line":"","method":"GET","msg":"Request completed.","path":"/student/profile/6299999991","service":"student","status":200,"time":"2024-06-17T07:39:00Z"}
{"file":"","level":"info","line":"","method":"GET","msg":"Request completed.","path":"/student/profile/6299999991","service":"student","status":200,"time":"2024-06-17T07:39:00Z"}
{"file":"","level":"info","line":"","method":"GET","msg":"Request completed.","path":"/student/profile/6299999991","service":"student","status":200,"time":"2024-06-17T07:39:01Z"}
{"file":"","level":"info","line":"","method":"GET","msg":"Request completed.","path":"/student/profile/6299999991","service":"student","status":200,"time":"2024-06-17T07:39:16Z"}
{"file":"","level":"info","line":"","method":"GET","msg":"Request completed.","path":"/student/profile/6299999991","service":"student","status":200,"time":"2024-06-17T07:39:17Z"}
{"file":"","level":"info","line":"","method":"GET","msg":"Request completed.","path":"/student/profile/6299999991","service":"student","status":200,"time":"2024-06-17T07:58:54Z"}
{"file":"","level":"info","line":"","method":"GET","msg":"Request completed.","path":"/student/profile/6299999991","service":"student","status":200,"time":"2024-06-17T07:58:55Z"}
{"file":"","level":"info","line":"","method":"GET","msg":"Request completed.","path":"/student/profile/6299999991","service":"student","status":200,"time":"2024-06-17T07:58:56Z"}
{"file":"","level":"info","line":"","method":"GET","msg":"Request completed.","path":"/student/profile/6299999991","service":"student","status":200,"time":"2024-06-17T07:58:57Z"}
{"file":"","level":"info","line":"","method":"GET","msg":"Request completed.","path":"/student/profile/6299999991","service":"student","status":200,"time":"2024-06-17T07:58:58Z"}
{"file":"","level":"info","line":"","method":"GET","msg":"Request completed.","path":"/student/profile/6299999991","service":"student","status":200,"time":"2024-06-17T07:58:59Z"}
{"file":"","level":"info","line":"","method":"GET","msg":"Request completed.","path":"/student/profile/6299999991","service":"student","status":200,"time":"2024-06-17T07:58:59Z"}
{"file":"","level":"info","line":"","method":"GET","msg":"Request completed.","path":"/student/profile/6299999991","service":"student","status":200,"time":"2024-06-17T07:59:00Z"}
{"file":"","level":"info","line":"","method":"GET","msg":"Request completed.","path":"/student/profile/6299999991","service":"student","status":200,"time":"2024-06-17T07:59:01Z"}
{"file":"","level":"info","line":"","method":"GET","msg":"Request completed.","path":"/student/profile/6299999991","service":"student","status":200,"time":"2024-06-17T07:59:02Z"}
{"file":"","level":"info","line":"","method":"GET","msg":"Request completed.","path":"/student/profile/6299999991","service":"student","status":200,"time":"2024-06-17T07:59:02Z"}
{"file":"","level":"info","line":"","method":"GET","msg":"Request completed.","path":"/student/profile/6299999991","service":"student","status":200,"time":"2024-06-17T07:59:03Z"}
{"file":"","level":"info","line":"","method":"GET","msg":"Request completed.","path":"/student/profile/6299999991","service":"student","status":200,"time":"2024-06-17T07:59:04Z"}
{"file":"","level":"info","line":"","method":"GET","msg":"Request completed.","path":"/student/profile/6299999991","service":"student","status":200,"time":"2024-06-17T07:59:05Z"}
{"file":"","level":"info","line":"","method":"GET","msg":"Request completed.","path":"/student/profile/6299999991","service":"student","status":200,"time":"2024-06-17T07:59:06Z"}
{"file":"","level":"info","line":"","method":"GET","msg":"Request completed.","path":"/student/profile/6299999991","service":"student","status":200,"time":"2024-06-17T07:59:07Z"}
{"file":"","level":"info","line":"","method":"GET","msg":"Request completed.","path":"/student/profile/6299999992","service":"student","status":200,"time":"2024-06-17T07:59:11Z"}
{"file":"","level":"info","line":"","method":"GET","msg":"Request completed.","path":"/student/profile/6299999992","service":"student","status":200,"time":"2024-06-17T07:59:12Z"}
{"file":"","level":"info","line":"","method":"GET","msg":"Request completed.","path":"/student/profile/6299999992","service":"student","status":200,"time":"2024-06-17T07:59:13Z"}
{"file":"","level":"info","line":"","method":"GET","msg":"Request completed.","path":"/student/profile/6299999992","service":"student","status":200,"time":"2024-06-17T07:59:13Z"}
{"file":"","level":"info","line":"","method":"POST","msg":"Request completed.","path":"/insurance/","service":"insurance","status":200,"time":"2024-06-17T07:59:26Z"}
{"file":"","level":"info","line":"","method":"POST","msg":"Request completed.","path":"/insurance/","service":"insurance","status":200,"time":"2024-06-17T07:59:27Z"}
{"file":"","level":"info","line":"","method":"POST","msg":"Request completed.","path":"/insurance/","service":"insurance","status":200,"time":"2024-06-17T07:59:28Z"}
{"file":"","level":"info","line":"","method":"POST","msg":"Request completed.","path":"/insurance/","service":"insurance","status":200,"time":"2024-06-17T07:59:28Z"}
{"file":"","level":"info","line":"","method":"POST","msg":"Request completed.","path":"/insurance/","service":"insurance","status":200,"time":"2024-06-17T07:59:37Z"}
{"file":"","level":"info","line":"","method":"POST","msg":"Request completed.","path":"/insurance/","service":"insurance","status":200,"time":"2024-06-17T07:59:38Z"}
{"file":"","level":"info","line":"","method":"POST","msg":"Request completed.","path":"/insurance/","service":"insurance","status":200,"time":"2024-06-17T07:59:39Z"}
{"file":"","level":"info","line":"","method":"POST","msg":"Request completed.","path":"/insurance/","service":"insurance","status":200,"time":"2024-06-17T08:00:07Z"}
{"file":"","level":"info","line":"","method":"POST","msg":"Request completed.","path":"/insurance/","service":"insurance","status":200,"time":"2024-06-17T08:00:08Z"}
{"file":"","level":"info","line":"","method":"POST","msg":"Request completed.","path":"/insurance/","service":"insurance","status":200,"time":"2024-06-17T08:00:09Z"}
{"file":"","level":"info","line":"","method":"POST","msg":"Request completed.","path":"/insurance/","service":"insurance","status":200,"time":"2024-06-17T08:00:18Z"}
{"file":"","level":"info","line":"","method":"POST","msg":"Request completed.","path":"/insurance/","service":"insurance","status":200,"time":"2024-06-17T08:00:44Z"}
{"file":"","level":"info","line":"","method":"POST","msg":"Request completed.","path":"/insurance/","service":"insurance","status":200,"time":"2024-06-17T08:00:46Z"}
{"file":"","level":"info","line":"","method":"POST","msg":"Request completed.","path":"/insurance/","service":"insurance","status":200,"time":"2024-06-17T08:00:46Z"}
{"file":"","level":"info","line":"","method":"POST","msg":"Request completed.","path":"/insurance/","service":"insurance","status":200,"time":"2024-06-17T08:00:47Z"}
{"file":"","level":"info","line":"","method":"POST","msg":"Request completed.","path":"/insurance/","service":"insurance","status":200,"time":"2024-06-17T08:00:48Z"}
{"file":"","level":"info","line":"","method":"POST","msg":"Request completed.","path":"/insurance/","service":"insurance","status":200,"time":"2024-06-17T08:00:49Z"}
{"file":"","level":"info","line":"","method":"POST","msg":"Request completed.","path":"/insurance/","service":"insurance","status":200,"time":"2024-06-17T08:00:50Z"}
{"file":"","level":"info","line":"","method":"POST","msg":"Request completed.","path":"/insurance/","service":"insurance","status":200,"time":"2024-06-17T08:00:50Z"}
{"file":"","level":"info","line":"","method":"POST","msg":"Request completed.","path":"/insurance/","service":"insurance","status":200,"time":"2024-06-17T08:00:51Z"}
{"file":"","level":"info","line":"","method":"POST","msg":"Request completed.","path":"/insurance/","service":"insurance","status":200,"time":"2024-06-17T08:00:52Z"}
{"file":"","level":"info","line":"","method":"POST","msg":"Request completed.","path":"/insurance/","service":"insurance","status":200,"time":"2024-06-17T08:00:53Z"}
{"file":"","level":"info","line":"","method":"POST","msg":"Request completed.","path":"/insurance/","service":"insurance","status":200,"time":"2024-06-17T08:00:53Z"}
{"file":"","level":"info","line":"","method":"POST","msg":"Request completed.","path":"/insurance/","service":"insurance","status":200,"time":"2024-06-17T08:00:54Z"}
{"file":"","level":"info","line":"","method":"POST","msg":"Request completed.","path":"/insurance/","service":"insurance","status":200,"time":"2024-06-17T08:00:55Z"}
{"file":"","level":"info","line":"","method":"POST","msg":"Request completed.","path":"/insurance/","service":"insurance","status":200,"time":"2024-06-17T08:00:55Z"}
{"file":"","level":"info","line":"","method":"POST","msg":"Request completed.","path":"/insurance/","service":"insurance","status":200,"time":"2024-06-17T08:02:33Z"}
{"file":"","level":"info","line":"","method":"POST","msg":"Request completed.","path":"/insurance/","service":"insurance","status":200,"time":"2024-06-17T08:02:35Z"}
{"file":"","level":"info","line":"","method":"POST","msg":"Request completed.","path":"/insurance/","service":"insurance","status":200,"time":"2024-06-17T08:02:36Z"}
{"file":"","level":"info","line":"","method":"POST","msg":"Request completed.","path":"/insurance/","service":"insurance","status":200,"time":"2024-06-17T08:02:37Z"}
{"file":"","level":"info","line":"","method":"POST","msg":"Request completed.","path":"/insurance/","service":"insurance","status":200,"time":"2024-06-17T08:02:38Z"}
{"file":"","level":"info","line":"","method":"POST","msg":"Request completed.","path":"/insurance/","service":"insurance","status":200,"time":"2024-06-17T08:02:39Z"}
{"file":"","level":"info","line":"","method":"POST","msg":"Request completed.","path":"/insurance/","service":"insurance","status":200,"time":"2024-06-17T08:02:40Z"}
{"file":"","level":"info","line":"","method":"POST","msg":"Request completed.","path":"/insurance/","service":"insurance","status":200,"time":"2024-06-17T08:02:41Z"}
{"file":"","level":"info","line":"","method":"POST","msg":"Request completed.","path":"/insurance/","service":"insurance","status":200,"time":"2024-06-17T08:02:42Z"}
{"file":"","level":"info","line":"","method":"POST","msg":"Request completed.","path":"/insurance/","service":"insurance","status":200,"time":"2024-06-17T08:02:43Z"}
{"file":"","level":"info","line":"","method":"POST","msg":"Request completed.","path":"/insurance/","service":"insurance","status":200,"time":"2024-06-17T08:02:48Z"}
{"file":"","level":"info","line":"","method":"POST","msg":"Request completed.","path":"/insurance/","service":"insurance","status":200,"time":"2024-06-17T08:02:49Z"}
{"file":"","level":"info","line":"","method":"POST","msg":"Request completed.","path":"/insurance/","service":"insurance","status":200,"time":"2024-06-17T08:02:57Z"}
{"file":"","level":"info","line":"","method":"POST","msg":"Request completed.","path":"/insurance/","service":"insurance","status":200,"time":"2024-06-17T08:02:57Z"}
{"file":"","level":"info","line":"","method":"POST","msg":"Request completed.","path":"/insurance/","service":"insurance","status":200,"time":"2024-06-17T08:02:58Z"}
{"file":"","level":"info","line":"","method":"POST","msg":"Request completed.","path":"/insurance/","service":"insurance","status":200,"time":"2024-06-17T08:02:59Z"}
{"file":"","level":"info","line":"","method":"POST","msg":"Request completed.","path":"/insurance/","service":"insurance","status":200,"time":"2024-06-17T08:02:59Z"}
{"file":"","level":"info","line":"","method":"POST","msg":"Request completed.","path":"/insurance/","service":"insurance","status":200,"time":"2024-06-17T08:03:00Z"}
{"file":"","level":"info","line":"","method":"POST","msg":"Request completed.","path":"/insurance/","service":"insurance","status":200,"time":"2024-06-17T08:03:01Z"}
{"file":"","level":"info","line":"","method":"POST","msg":"Request completed.","path":"/insurance/","service":"insurance","status":200,"time":"2024-06-17T08:03:01Z"}
{"file":"/app/middlewares/authorization.go","level":"error","line":27,"method":"POST","msg":"redis: nil","path":"/rotcs/register","service":"rotcs","status":401,"time":"2024-06-17T08:03:37Z"}
{"file":"/app/middlewares/authorization.go","level":"error","line":27,"method":"POST","msg":"redis: nil","path":"/rotcs/register","service":"rotcs","status":401,"time":"2024-06-17T08:03:38Z"}
{"file":"/app/middlewares/authorization.go","level":"error","line":27,"method":"POST","msg":"redis: nil","path":"/rotcs/register","service":"rotcs","status":401,"time":"2024-06-17T08:03:54Z"}
{"file":"/app/middlewares/authorization.go","level":"error","line":27,"method":"POST","msg":"redis: nil","path":"/rotcs/register","service":"rotcs","status":401,"time":"2024-06-17T08:03:55Z"}
{"file":"","level":"info","line":"","method":"POST","msg":"Request completed.","path":"/google/authorization-test","service":"google","status":200,"time":"2024-06-17T08:04:00Z"}
{"file":"","level":"info","line":"","method":"POST","msg":"Request completed.","path":"/rotcs/register","service":"rotcs","status":200,"time":"2024-06-17T08:04:09Z"}
{"file":"","level":"info","line":"","method":"POST","msg":"Request completed.","path":"/rotcs/register","service":"rotcs","status":200,"time":"2024-06-17T08:04:10Z"}
{"file":"","level":"info","line":"","method":"POST","msg":"Request completed.","path":"/rotcs/extend","service":"rotcs","status":200,"time":"2024-06-17T08:04:31Z"}
{"file":"","level":"info","line":"","method":"POST","msg":"Request completed.","path":"/rotcs/extend","service":"rotcs","status":200,"time":"2024-06-17T08:04:32Z"}
{"file":"","level":"info","line":"","method":"GET","msg":"Request completed.","path":"/healthz","service":"healthz","status":200,"time":"2024-06-25T04:31:56Z"}
{"file":"","level":"info","line":"","method":"GET","msg":"Request completed.","path":"/healthz","service":"healthz","status":200,"time":"2024-06-25T04:32:04Z"}
{"file":"","level":"info","line":"","method":"GET","msg":"Request completed.","path":"/healthz","service":"healthz","status":200,"time":"2024-06-25T04:32:45Z"}
{"file":"/app/handlers/event.go","level":"error","line":34,"method":"POST","msg":"StdID: less than min, regular expression mismatch","path":"/event/","service":"event","status":400,"time":"2024-06-25T04:34:00Z"}
{"file":"/app/handlers/event.go","level":"error","line":34,"method":"POST","msg":"dial tcp 202.41.160.13:3309: connect: connection refused","path":"/event/","service":"event","status":500,"time":"2024-06-25T04:34:14Z"}
{"file":"/app/handlers/event.go","level":"error","line":34,"method":"POST","msg":"Error 1054: Unknown column 'e.evnet_year' in 'field list'","path":"/event/","service":"event","status":500,"time":"2024-06-25T04:37:30Z"}
{"file":"/app/handlers/event.go","level":"error","line":34,"method":"POST","msg":"Error 1054: Unknown column 'e.evnet_year' in 'field list'","path":"/event/","service":"event","status":500,"time":"2024-06-25T04:49:32Z"}
{"file":"/app/handlers/event.go","level":"error","line":34,"method":"POST","msg":"Error 1054: Unknown column 'e.evnet_year' in 'field list'","path":"/event/","service":"event","status":500,"time":"2024-06-25T04:50:15Z"}
{"file":"","level":"info","line":"","method":"GET","msg":"Request completed.","path":"/healthz","service":"healthz","status":200,"time":"2024-06-25T04:55:08Z"}
{"file":"/app/handlers/event.go","level":"error","line":34,"method":"POST","msg":"Error 1054: Unknown column 'e.evnet_year' in 'field list'","path":"/event/","service":"event","status":500,"time":"2024-06-25T04:55:13Z"}
{"file":"/app/handlers/event.go","level":"error","line":34,"method":"POST","msg":"ไม่พบข้อมูลกิจกรรมนักศึกษา","path":"/event/","service":"event","status":404,"time":"2024-06-25T04:55:53Z"}
{"file":"","level":"info","line":"","method":"POST","msg":"Request completed.","path":"/event/","service":"event","status":200,"time":"2024-06-25T04:57:30Z"}
{"file":"","level":"info","line":"","method":"POST","msg":"Request completed.","path":"/event/","service":"event","status":200,"time":"2024-06-25T06:52:04Z"}
{"file":"","level":"info","line":"","method":"POST","msg":"Request completed.","path":"/event/","service":"event","status":200,"time":"2024-06-25T07:01:47Z"}
